{"/Users/jacobleon/atlas-music-player/postcss.config.js": {"path":"/Users/jacobleon/atlas-music-player/postcss.config.js","all":true,"statementMap":{"0":{"start":{"line":1,"column":0},"end":{"line":1,"column":16}},"1":{"start":{"line":2,"column":0},"end":{"line":2,"column":12}},"2":{"start":{"line":3,"column":0},"end":{"line":3,"column":20}},"3":{"start":{"line":4,"column":0},"end":{"line":4,"column":21}},"4":{"start":{"line":5,"column":0},"end":{"line":5,"column":4}},"5":{"start":{"line":6,"column":0},"end":{"line":6,"column":2}}},"s":{"0":0,"1":0,"2":0,"3":0,"4":0,"5":0},"branchMap":{"0":{"type":"branch","line":1,"loc":{"start":{"line":1,"column":0},"end":{"line":6,"column":-11}},"locations":[{"start":{"line":1,"column":0},"end":{"line":6,"column":-11}}]}},"b":{"0":[0]},"fnMap":{"0":{"name":"(empty-report)","decl":{"start":{"line":1,"column":0},"end":{"line":6,"column":-11}},"loc":{"start":{"line":1,"column":0},"end":{"line":6,"column":-11}},"line":1}},"f":{"0":0}}
,"/Users/jacobleon/atlas-music-player/tailwind.config.js": {"path":"/Users/jacobleon/atlas-music-player/tailwind.config.js","all":true,"statementMap":{"0":{"start":{"line":1,"column":0},"end":{"line":1,"column":43}},"1":{"start":{"line":2,"column":0},"end":{"line":2,"column":16}},"2":{"start":{"line":3,"column":0},"end":{"line":3,"column":76}},"3":{"start":{"line":4,"column":0},"end":{"line":4,"column":20}},"4":{"start":{"line":5,"column":0},"end":{"line":5,"column":10}},"5":{"start":{"line":6,"column":0},"end":{"line":6,"column":13}},"6":{"start":{"line":7,"column":0},"end":{"line":7,"column":19}},"7":{"start":{"line":8,"column":0},"end":{"line":8,"column":39}},"8":{"start":{"line":9,"column":0},"end":{"line":9,"column":8}},"9":{"start":{"line":10,"column":0},"end":{"line":10,"column":15}},"10":{"start":{"line":11,"column":0},"end":{"line":11,"column":35}},"11":{"start":{"line":12,"column":0},"end":{"line":12,"column":34}},"12":{"start":{"line":13,"column":0},"end":{"line":13,"column":34}},"13":{"start":{"line":14,"column":0},"end":{"line":14,"column":34}},"14":{"start":{"line":15,"column":0},"end":{"line":15,"column":31}},"15":{"start":{"line":16,"column":0},"end":{"line":16,"column":41}},"16":{"start":{"line":17,"column":0},"end":{"line":17,"column":40}},"17":{"start":{"line":18,"column":0},"end":{"line":18,"column":8}},"18":{"start":{"line":19,"column":0},"end":{"line":19,"column":6}},"19":{"start":{"line":20,"column":0},"end":{"line":20,"column":4}},"20":{"start":{"line":21,"column":0},"end":{"line":21,"column":14}},"21":{"start":{"line":22,"column":0},"end":{"line":22,"column":2}}},"s":{"0":0,"1":0,"2":0,"3":0,"4":0,"5":0,"6":0,"7":0,"8":0,"9":0,"10":0,"11":0,"12":0,"13":0,"14":0,"15":0,"16":0,"17":0,"18":0,"19":0,"20":0,"21":0},"branchMap":{"0":{"type":"branch","line":1,"loc":{"start":{"line":1,"column":0},"end":{"line":22,"column":-13}},"locations":[{"start":{"line":1,"column":0},"end":{"line":22,"column":-13}}]}},"b":{"0":[0]},"fnMap":{"0":{"name":"(empty-report)","decl":{"start":{"line":1,"column":0},"end":{"line":22,"column":-13}},"loc":{"start":{"line":1,"column":0},"end":{"line":22,"column":-13}},"line":1}},"f":{"0":0}}
,"/Users/jacobleon/atlas-music-player/src/main.tsx": {"path":"/Users/jacobleon/atlas-music-player/src/main.tsx","all":true,"statementMap":{"0":{"start":{"line":1,"column":0},"end":{"line":1,"column":26}},"1":{"start":{"line":2,"column":0},"end":{"line":2,"column":40}},"2":{"start":{"line":3,"column":0},"end":{"line":3,"column":35}},"3":{"start":{"line":4,"column":0},"end":{"line":4,"column":21}},"5":{"start":{"line":6,"column":0},"end":{"line":6,"column":61}},"6":{"start":{"line":7,"column":0},"end":{"line":7,"column":20}},"7":{"start":{"line":8,"column":0},"end":{"line":8,"column":11}},"8":{"start":{"line":9,"column":0},"end":{"line":9,"column":21}},"9":{"start":{"line":10,"column":0},"end":{"line":10,"column":2}}},"s":{"0":0,"1":0,"2":0,"3":0,"5":0,"6":0,"7":0,"8":0,"9":0},"branchMap":{"0":{"type":"branch","line":1,"loc":{"start":{"line":1,"column":214},"end":{"line":10,"column":-177}},"locations":[{"start":{"line":1,"column":214},"end":{"line":10,"column":-177}}]}},"b":{"0":[0]},"fnMap":{"0":{"name":"(empty-report)","decl":{"start":{"line":1,"column":214},"end":{"line":10,"column":-177}},"loc":{"start":{"line":1,"column":214},"end":{"line":10,"column":-177}},"line":1}},"f":{"0":0}}
,"/Users/jacobleon/atlas-music-player/src/components/App.tsx": {"path":"/Users/jacobleon/atlas-music-player/src/components/App.tsx","all":true,"statementMap":{"0":{"start":{"line":1,"column":0},"end":{"line":1,"column":30}},"1":{"start":{"line":2,"column":0},"end":{"line":2,"column":40}},"3":{"start":{"line":4,"column":0},"end":{"line":4,"column":31}},"4":{"start":{"line":5,"column":0},"end":{"line":5,"column":10}},"5":{"start":{"line":6,"column":0},"end":{"line":6,"column":94}},"6":{"start":{"line":7,"column":0},"end":{"line":7,"column":80}},"7":{"start":{"line":8,"column":0},"end":{"line":8,"column":50}},"8":{"start":{"line":9,"column":0},"end":{"line":9,"column":25}},"9":{"start":{"line":10,"column":0},"end":{"line":10,"column":14}},"10":{"start":{"line":11,"column":0},"end":{"line":11,"column":12}},"11":{"start":{"line":12,"column":0},"end":{"line":12,"column":16}},"12":{"start":{"line":13,"column":0},"end":{"line":13,"column":10}},"14":{"start":{"line":15,"column":0},"end":{"line":15,"column":1}}},"s":{"0":0,"1":0,"3":0,"4":0,"5":0,"6":0,"7":0,"8":0,"9":0,"10":0,"11":0,"12":0,"14":0},"branchMap":{"0":{"type":"branch","line":1,"loc":{"start":{"line":1,"column":353},"end":{"line":15,"column":-305}},"locations":[{"start":{"line":1,"column":353},"end":{"line":15,"column":-305}}]}},"b":{"0":[0]},"fnMap":{"0":{"name":"(empty-report)","decl":{"start":{"line":1,"column":353},"end":{"line":15,"column":-305}},"loc":{"start":{"line":1,"column":353},"end":{"line":15,"column":-305}},"line":1}},"f":{"0":0}}
,"/Users/jacobleon/atlas-music-player/src/components/AudioPlayer.tsx": {"path":"/Users/jacobleon/atlas-music-player/src/components/AudioPlayer.tsx","all":false,"statementMap":{"0":{"start":{"line":1,"column":0},"end":{"line":1,"column":42}},"10":{"start":{"line":11,"column":0},"end":{"line":11,"column":38}},"11":{"start":{"line":12,"column":0},"end":{"line":12,"column":11}},"12":{"start":{"line":13,"column":0},"end":{"line":13,"column":13}},"13":{"start":{"line":14,"column":0},"end":{"line":14,"column":10}},"14":{"start":{"line":15,"column":0},"end":{"line":15,"column":17}},"15":{"start":{"line":16,"column":0},"end":{"line":16,"column":10}},"16":{"start":{"line":17,"column":0},"end":{"line":17,"column":22}},"17":{"start":{"line":18,"column":0},"end":{"line":18,"column":57}},"19":{"start":{"line":20,"column":0},"end":{"line":20,"column":19}},"20":{"start":{"line":21,"column":0},"end":{"line":21,"column":27}},"21":{"start":{"line":22,"column":0},"end":{"line":22,"column":22}},"22":{"start":{"line":23,"column":0},"end":{"line":23,"column":48}},"23":{"start":{"line":24,"column":0},"end":{"line":24,"column":55}},"24":{"start":{"line":25,"column":0},"end":{"line":25,"column":11}},"25":{"start":{"line":26,"column":0},"end":{"line":26,"column":14}},"26":{"start":{"line":27,"column":0},"end":{"line":27,"column":33}},"27":{"start":{"line":28,"column":0},"end":{"line":28,"column":7}},"28":{"start":{"line":29,"column":0},"end":{"line":29,"column":5}},"29":{"start":{"line":30,"column":0},"end":{"line":30,"column":18}},"31":{"start":{"line":32,"column":0},"end":{"line":32,"column":19}},"32":{"start":{"line":33,"column":0},"end":{"line":33,"column":27}},"33":{"start":{"line":34,"column":0},"end":{"line":34,"column":45}},"34":{"start":{"line":35,"column":0},"end":{"line":35,"column":5}},"35":{"start":{"line":36,"column":0},"end":{"line":36,"column":15}},"37":{"start":{"line":38,"column":0},"end":{"line":38,"column":19}},"38":{"start":{"line":39,"column":0},"end":{"line":39,"column":27}},"39":{"start":{"line":40,"column":0},"end":{"line":40,"column":52}},"40":{"start":{"line":41,"column":0},"end":{"line":41,"column":5}},"41":{"start":{"line":42,"column":0},"end":{"line":42,"column":22}},"43":{"start":{"line":44,"column":0},"end":{"line":44,"column":19}},"44":{"start":{"line":45,"column":0},"end":{"line":45,"column":27}},"45":{"start":{"line":46,"column":0},"end":{"line":46,"column":39}},"46":{"start":{"line":47,"column":0},"end":{"line":47,"column":5}},"47":{"start":{"line":48,"column":0},"end":{"line":48,"column":16}},"49":{"start":{"line":50,"column":0},"end":{"line":50,"column":10}},"50":{"start":{"line":51,"column":0},"end":{"line":51,"column":10}},"51":{"start":{"line":52,"column":0},"end":{"line":52,"column":20}},"52":{"start":{"line":53,"column":0},"end":{"line":53,"column":19}},"53":{"start":{"line":54,"column":0},"end":{"line":54,"column":23}},"54":{"start":{"line":55,"column":0},"end":{"line":55,"column":33}},"55":{"start":{"line":56,"column":0},"end":{"line":56,"column":6}},"57":{"start":{"line":58,"column":0},"end":{"line":58,"column":1}}},"s":{"0":1,"10":14,"11":14,"12":14,"13":14,"14":14,"15":14,"16":14,"17":14,"19":14,"20":7,"21":7,"22":1,"23":0,"24":1,"25":7,"26":6,"27":6,"28":7,"29":14,"31":14,"32":5,"33":5,"34":5,"35":14,"37":14,"38":7,"39":7,"40":7,"41":14,"43":14,"44":5,"45":5,"46":5,"47":14,"49":14,"50":14,"51":14,"52":14,"53":14,"54":14,"55":14,"57":14},"branchMap":{"0":{"type":"branch","line":11,"loc":{"start":{"line":11,"column":0},"end":{"line":58,"column":1}},"locations":[{"start":{"line":11,"column":0},"end":{"line":58,"column":1}}]},"1":{"type":"branch","line":20,"loc":{"start":{"line":20,"column":12},"end":{"line":30,"column":5}},"locations":[{"start":{"line":20,"column":12},"end":{"line":30,"column":5}}]},"2":{"type":"branch","line":22,"loc":{"start":{"line":22,"column":21},"end":{"line":26,"column":13}},"locations":[{"start":{"line":22,"column":21},"end":{"line":26,"column":13}}]},"3":{"type":"branch","line":26,"loc":{"start":{"line":26,"column":6},"end":{"line":28,"column":7}},"locations":[{"start":{"line":26,"column":6},"end":{"line":28,"column":7}}]},"4":{"type":"branch","line":32,"loc":{"start":{"line":32,"column":12},"end":{"line":36,"column":5}},"locations":[{"start":{"line":32,"column":12},"end":{"line":36,"column":5}}]},"5":{"type":"branch","line":38,"loc":{"start":{"line":38,"column":12},"end":{"line":42,"column":5}},"locations":[{"start":{"line":38,"column":12},"end":{"line":42,"column":5}}]},"6":{"type":"branch","line":44,"loc":{"start":{"line":44,"column":12},"end":{"line":48,"column":5}},"locations":[{"start":{"line":44,"column":12},"end":{"line":48,"column":5}}]}},"b":{"0":[14],"1":[7],"2":[1],"3":[6],"4":[5],"5":[7],"6":[5]},"fnMap":{"0":{"name":"AudioPlayer","decl":{"start":{"line":11,"column":0},"end":{"line":58,"column":1}},"loc":{"start":{"line":11,"column":0},"end":{"line":58,"column":1}},"line":11}},"f":{"0":14}}
,"/Users/jacobleon/atlas-music-player/src/components/CoverArt.tsx": {"path":"/Users/jacobleon/atlas-music-player/src/components/CoverArt.tsx","all":false,"statementMap":{"0":{"start":{"line":1,"column":0},"end":{"line":1,"column":33}},"8":{"start":{"line":9,"column":0},"end":{"line":9,"column":78}},"9":{"start":{"line":10,"column":0},"end":{"line":10,"column":51}},"10":{"start":{"line":11,"column":0},"end":{"line":11,"column":52}},"11":{"start":{"line":12,"column":0},"end":{"line":12,"column":54}},"13":{"start":{"line":14,"column":0},"end":{"line":14,"column":35}},"14":{"start":{"line":15,"column":0},"end":{"line":15,"column":32}},"15":{"start":{"line":16,"column":0},"end":{"line":16,"column":25}},"16":{"start":{"line":17,"column":0},"end":{"line":17,"column":11}},"17":{"start":{"line":18,"column":0},"end":{"line":18,"column":65}},"18":{"start":{"line":19,"column":0},"end":{"line":19,"column":68}},"19":{"start":{"line":20,"column":0},"end":{"line":20,"column":43}},"20":{"start":{"line":21,"column":0},"end":{"line":21,"column":31}},"21":{"start":{"line":22,"column":0},"end":{"line":22,"column":23}},"22":{"start":{"line":23,"column":0},"end":{"line":23,"column":55}},"23":{"start":{"line":24,"column":0},"end":{"line":24,"column":17}},"24":{"start":{"line":25,"column":0},"end":{"line":25,"column":28}},"25":{"start":{"line":26,"column":0},"end":{"line":26,"column":7}},"26":{"start":{"line":27,"column":0},"end":{"line":27,"column":5}},"27":{"start":{"line":28,"column":0},"end":{"line":28,"column":4}},"29":{"start":{"line":30,"column":0},"end":{"line":30,"column":10}},"30":{"start":{"line":31,"column":0},"end":{"line":31,"column":9}},"31":{"start":{"line":32,"column":0},"end":{"line":32,"column":46}},"32":{"start":{"line":33,"column":0},"end":{"line":33,"column":27}},"33":{"start":{"line":34,"column":0},"end":{"line":34,"column":28}},"34":{"start":{"line":35,"column":0},"end":{"line":35,"column":22}},"35":{"start":{"line":36,"column":0},"end":{"line":36,"column":8}},"36":{"start":{"line":37,"column":0},"end":{"line":37,"column":47}},"38":{"start":{"line":39,"column":0},"end":{"line":39,"column":19}},"39":{"start":{"line":40,"column":0},"end":{"line":40,"column":12}},"40":{"start":{"line":41,"column":0},"end":{"line":41,"column":24}},"41":{"start":{"line":42,"column":0},"end":{"line":42,"column":44}},"42":{"start":{"line":43,"column":0},"end":{"line":43,"column":59}},"43":{"start":{"line":44,"column":0},"end":{"line":44,"column":10}},"45":{"start":{"line":46,"column":0},"end":{"line":46,"column":95}},"46":{"start":{"line":47,"column":0},"end":{"line":47,"column":57}},"47":{"start":{"line":48,"column":0},"end":{"line":48,"column":14}},"50":{"start":{"line":51,"column":0},"end":{"line":51,"column":22}},"51":{"start":{"line":52,"column":0},"end":{"line":52,"column":130}},"52":{"start":{"line":53,"column":0},"end":{"line":53,"column":24}},"53":{"start":{"line":54,"column":0},"end":{"line":54,"column":69}},"54":{"start":{"line":55,"column":0},"end":{"line":55,"column":110}},"55":{"start":{"line":56,"column":0},"end":{"line":56,"column":18}},"57":{"start":{"line":58,"column":0},"end":{"line":58,"column":68}},"58":{"start":{"line":59,"column":0},"end":{"line":59,"column":22}},"59":{"start":{"line":60,"column":0},"end":{"line":60,"column":18}},"61":{"start":{"line":62,"column":0},"end":{"line":62,"column":14}},"63":{"start":{"line":64,"column":0},"end":{"line":64,"column":10}},"65":{"start":{"line":66,"column":0},"end":{"line":66,"column":1}}},"s":{"0":1,"8":16,"9":16,"10":16,"11":16,"13":16,"14":0,"15":0,"16":0,"17":0,"18":0,"19":0,"20":0,"21":0,"22":0,"23":0,"24":0,"25":0,"26":0,"27":0,"29":16,"30":16,"31":16,"32":16,"33":0,"34":0,"35":0,"36":16,"38":16,"39":15,"40":15,"41":15,"42":15,"43":15,"45":1,"46":1,"47":1,"50":16,"51":0,"52":0,"53":0,"54":0,"55":0,"57":0,"58":0,"59":0,"61":0,"63":16,"65":16},"branchMap":{"0":{"type":"branch","line":9,"loc":{"start":{"line":9,"column":0},"end":{"line":66,"column":1}},"locations":[{"start":{"line":9,"column":0},"end":{"line":66,"column":1}}]},"1":{"type":"branch","line":39,"loc":{"start":{"line":39,"column":7},"end":{"line":44,"column":10}},"locations":[{"start":{"line":39,"column":7},"end":{"line":44,"column":10}}]},"2":{"type":"branch","line":44,"loc":{"start":{"line":44,"column":8},"end":{"line":48,"column":14}},"locations":[{"start":{"line":44,"column":8},"end":{"line":48,"column":14}}]},"3":{"type":"branch","line":51,"loc":{"start":{"line":51,"column":7},"end":{"line":62,"column":14}},"locations":[{"start":{"line":51,"column":7},"end":{"line":62,"column":14}}]}},"b":{"0":[16],"1":[15],"2":[1],"3":[0]},"fnMap":{"0":{"name":"CoverArt","decl":{"start":{"line":9,"column":0},"end":{"line":66,"column":1}},"loc":{"start":{"line":9,"column":0},"end":{"line":66,"column":1}},"line":9},"1":{"name":"fetchLyrics","decl":{"start":{"line":14,"column":22},"end":{"line":28,"column":4}},"loc":{"start":{"line":14,"column":22},"end":{"line":28,"column":4}},"line":14},"2":{"name":"onMouseEnter","decl":{"start":{"line":33,"column":20},"end":{"line":36,"column":8}},"loc":{"start":{"line":33,"column":20},"end":{"line":36,"column":8}},"line":33},"3":{"name":"onMouseLeave","decl":{"start":{"line":37,"column":20},"end":{"line":37,"column":47}},"loc":{"start":{"line":37,"column":20},"end":{"line":37,"column":47}},"line":37}},"f":{"0":16,"1":0,"2":0,"3":0}}
,"/Users/jacobleon/atlas-music-player/src/components/CurrentlyPlaying.tsx": {"path":"/Users/jacobleon/atlas-music-player/src/components/CurrentlyPlaying.tsx","all":false,"statementMap":{"0":{"start":{"line":1,"column":0},"end":{"line":1,"column":34}},"1":{"start":{"line":2,"column":0},"end":{"line":2,"column":34}},"2":{"start":{"line":3,"column":0},"end":{"line":3,"column":36}},"3":{"start":{"line":4,"column":0},"end":{"line":4,"column":42}},"4":{"start":{"line":5,"column":0},"end":{"line":5,"column":46}},"5":{"start":{"line":6,"column":0},"end":{"line":6,"column":40}},"29":{"start":{"line":30,"column":0},"end":{"line":30,"column":43}},"30":{"start":{"line":31,"column":0},"end":{"line":31,"column":7}},"31":{"start":{"line":32,"column":0},"end":{"line":32,"column":12}},"32":{"start":{"line":33,"column":0},"end":{"line":33,"column":15}},"33":{"start":{"line":34,"column":0},"end":{"line":34,"column":16}},"34":{"start":{"line":35,"column":0},"end":{"line":35,"column":19}},"35":{"start":{"line":36,"column":0},"end":{"line":36,"column":9}},"36":{"start":{"line":37,"column":0},"end":{"line":37,"column":12}},"37":{"start":{"line":38,"column":0},"end":{"line":38,"column":9}},"38":{"start":{"line":39,"column":0},"end":{"line":39,"column":13}},"39":{"start":{"line":40,"column":0},"end":{"line":40,"column":10}},"40":{"start":{"line":41,"column":0},"end":{"line":41,"column":8}},"41":{"start":{"line":42,"column":0},"end":{"line":42,"column":27}},"42":{"start":{"line":43,"column":0},"end":{"line":43,"column":19}},"43":{"start":{"line":44,"column":0},"end":{"line":44,"column":24}},"44":{"start":{"line":45,"column":0},"end":{"line":45,"column":17}},"46":{"start":{"line":47,"column":0},"end":{"line":47,"column":25}},"48":{"start":{"line":49,"column":0},"end":{"line":49,"column":10}},"49":{"start":{"line":50,"column":0},"end":{"line":50,"column":45}},"50":{"start":{"line":51,"column":0},"end":{"line":51,"column":43}},"51":{"start":{"line":52,"column":0},"end":{"line":52,"column":18}},"52":{"start":{"line":53,"column":0},"end":{"line":53,"column":26}},"53":{"start":{"line":54,"column":0},"end":{"line":54,"column":31}},"54":{"start":{"line":55,"column":0},"end":{"line":55,"column":28}},"55":{"start":{"line":56,"column":0},"end":{"line":56,"column":10}},"56":{"start":{"line":57,"column":0},"end":{"line":57,"column":12}},"57":{"start":{"line":58,"column":0},"end":{"line":58,"column":44}},"58":{"start":{"line":59,"column":0},"end":{"line":59,"column":19}},"59":{"start":{"line":60,"column":0},"end":{"line":60,"column":28}},"60":{"start":{"line":61,"column":0},"end":{"line":61,"column":30}},"61":{"start":{"line":62,"column":0},"end":{"line":62,"column":10}},"62":{"start":{"line":63,"column":0},"end":{"line":63,"column":12}},"63":{"start":{"line":64,"column":0},"end":{"line":64,"column":39}},"64":{"start":{"line":65,"column":0},"end":{"line":65,"column":22}},"65":{"start":{"line":66,"column":0},"end":{"line":66,"column":31}},"66":{"start":{"line":67,"column":0},"end":{"line":67,"column":37}},"67":{"start":{"line":68,"column":0},"end":{"line":68,"column":25}},"68":{"start":{"line":69,"column":0},"end":{"line":69,"column":33}},"69":{"start":{"line":70,"column":0},"end":{"line":70,"column":27}},"70":{"start":{"line":71,"column":0},"end":{"line":71,"column":25}},"71":{"start":{"line":72,"column":0},"end":{"line":72,"column":39}},"72":{"start":{"line":73,"column":0},"end":{"line":73,"column":45}},"73":{"start":{"line":74,"column":0},"end":{"line":74,"column":10}},"74":{"start":{"line":75,"column":0},"end":{"line":75,"column":12}},"75":{"start":{"line":76,"column":0},"end":{"line":76,"column":39}},"76":{"start":{"line":77,"column":0},"end":{"line":77,"column":24}},"77":{"start":{"line":78,"column":0},"end":{"line":78,"column":25}},"78":{"start":{"line":79,"column":0},"end":{"line":79,"column":31}},"79":{"start":{"line":80,"column":0},"end":{"line":80,"column":10}},"80":{"start":{"line":81,"column":0},"end":{"line":81,"column":12}},"81":{"start":{"line":82,"column":0},"end":{"line":82,"column":19}},"82":{"start":{"line":83,"column":0},"end":{"line":83,"column":27}},"83":{"start":{"line":84,"column":0},"end":{"line":84,"column":29}},"84":{"start":{"line":85,"column":0},"end":{"line":85,"column":23}},"85":{"start":{"line":86,"column":0},"end":{"line":86,"column":37}},"86":{"start":{"line":87,"column":0},"end":{"line":87,"column":24}},"87":{"start":{"line":88,"column":0},"end":{"line":88,"column":8}},"88":{"start":{"line":89,"column":0},"end":{"line":89,"column":10}},"90":{"start":{"line":91,"column":0},"end":{"line":91,"column":1}}},"s":{"0":1,"1":1,"2":1,"3":1,"4":1,"5":1,"29":14,"30":14,"31":14,"32":14,"33":14,"34":14,"35":14,"36":14,"37":14,"38":14,"39":14,"40":14,"41":14,"42":14,"43":8,"44":14,"46":14,"48":14,"49":14,"50":14,"51":14,"52":14,"53":14,"54":14,"55":14,"56":14,"57":14,"58":14,"59":14,"60":14,"61":14,"62":14,"63":14,"64":14,"65":14,"66":14,"67":14,"68":14,"69":14,"70":14,"71":14,"72":14,"73":14,"74":14,"75":14,"76":14,"77":14,"78":14,"79":14,"80":14,"81":14,"82":14,"83":14,"84":14,"85":14,"86":14,"87":14,"88":14,"90":14},"branchMap":{"0":{"type":"branch","line":30,"loc":{"start":{"line":30,"column":0},"end":{"line":91,"column":1}},"locations":[{"start":{"line":30,"column":0},"end":{"line":91,"column":1}}]},"1":{"type":"branch","line":47,"loc":{"start":{"line":47,"column":13},"end":{"line":47,"column":25}},"locations":[{"start":{"line":47,"column":13},"end":{"line":47,"column":25}}]},"2":{"type":"branch","line":43,"loc":{"start":{"line":43,"column":12},"end":{"line":45,"column":5}},"locations":[{"start":{"line":43,"column":12},"end":{"line":45,"column":5}}]}},"b":{"0":[14],"1":[0],"2":[8]},"fnMap":{"0":{"name":"CurrentlyPlaying","decl":{"start":{"line":30,"column":0},"end":{"line":91,"column":1}},"loc":{"start":{"line":30,"column":0},"end":{"line":91,"column":1}},"line":30}},"f":{"0":14}}
,"/Users/jacobleon/atlas-music-player/src/components/Footer.tsx": {"path":"/Users/jacobleon/atlas-music-player/src/components/Footer.tsx","all":true,"statementMap":{"0":{"start":{"line":1,"column":0},"end":{"line":1,"column":44}},"1":{"start":{"line":2,"column":0},"end":{"line":2,"column":41}},"3":{"start":{"line":4,"column":0},"end":{"line":4,"column":34}},"4":{"start":{"line":5,"column":0},"end":{"line":5,"column":55}},"5":{"start":{"line":6,"column":0},"end":{"line":6,"column":52}},"6":{"start":{"line":7,"column":0},"end":{"line":7,"column":5}},"8":{"start":{"line":9,"column":0},"end":{"line":9,"column":19}},"9":{"start":{"line":10,"column":0},"end":{"line":10,"column":49}},"10":{"start":{"line":11,"column":0},"end":{"line":11,"column":17}},"11":{"start":{"line":12,"column":0},"end":{"line":12,"column":33}},"12":{"start":{"line":13,"column":0},"end":{"line":13,"column":44}},"13":{"start":{"line":14,"column":0},"end":{"line":14,"column":12}},"14":{"start":{"line":15,"column":0},"end":{"line":15,"column":36}},"15":{"start":{"line":16,"column":0},"end":{"line":16,"column":45}},"16":{"start":{"line":17,"column":0},"end":{"line":17,"column":5}},"17":{"start":{"line":18,"column":0},"end":{"line":18,"column":15}},"19":{"start":{"line":20,"column":0},"end":{"line":20,"column":10}},"20":{"start":{"line":21,"column":0},"end":{"line":21,"column":76}},"21":{"start":{"line":22,"column":0},"end":{"line":22,"column":58}},"22":{"start":{"line":23,"column":0},"end":{"line":23,"column":54}},"23":{"start":{"line":24,"column":0},"end":{"line":24,"column":13}},"24":{"start":{"line":25,"column":0},"end":{"line":25,"column":13}},"25":{"start":{"line":26,"column":0},"end":{"line":26,"column":42}},"26":{"start":{"line":27,"column":0},"end":{"line":27,"column":243}},"27":{"start":{"line":28,"column":0},"end":{"line":28,"column":76}},"29":{"start":{"line":30,"column":0},"end":{"line":30,"column":19}},"30":{"start":{"line":31,"column":0},"end":{"line":31,"column":12}},"31":{"start":{"line":32,"column":0},"end":{"line":32,"column":45}},"32":{"start":{"line":33,"column":0},"end":{"line":33,"column":13}},"34":{"start":{"line":35,"column":0},"end":{"line":35,"column":12}},"35":{"start":{"line":36,"column":0},"end":{"line":36,"column":45}},"36":{"start":{"line":37,"column":0},"end":{"line":37,"column":13}},"38":{"start":{"line":39,"column":0},"end":{"line":39,"column":15}},"39":{"start":{"line":40,"column":0},"end":{"line":40,"column":13}},"41":{"start":{"line":42,"column":0},"end":{"line":42,"column":1}}},"s":{"0":0,"1":0,"3":0,"4":0,"5":0,"6":0,"8":0,"9":0,"10":0,"11":0,"12":0,"13":0,"14":0,"15":0,"16":0,"17":0,"19":0,"20":0,"21":0,"22":0,"23":0,"24":0,"25":0,"26":0,"27":0,"29":0,"30":0,"31":0,"32":0,"34":0,"35":0,"36":0,"38":0,"39":0,"41":0},"branchMap":{"0":{"type":"branch","line":1,"loc":{"start":{"line":1,"column":619},"end":{"line":42,"column":-605}},"locations":[{"start":{"line":1,"column":619},"end":{"line":42,"column":-605}}]}},"b":{"0":[0]},"fnMap":{"0":{"name":"(empty-report)","decl":{"start":{"line":1,"column":619},"end":{"line":42,"column":-605}},"loc":{"start":{"line":1,"column":619},"end":{"line":42,"column":-605}},"line":1}},"f":{"0":0}}
,"/Users/jacobleon/atlas-music-player/src/components/LoadingSkeleton.tsx": {"path":"/Users/jacobleon/atlas-music-player/src/components/LoadingSkeleton.tsx","all":false,"statementMap":{"0":{"start":{"line":1,"column":0},"end":{"line":1,"column":43}},"1":{"start":{"line":2,"column":0},"end":{"line":2,"column":10}},"2":{"start":{"line":3,"column":0},"end":{"line":3,"column":9}},"3":{"start":{"line":4,"column":0},"end":{"line":4,"column":36}},"4":{"start":{"line":5,"column":0},"end":{"line":5,"column":97}},"6":{"start":{"line":7,"column":0},"end":{"line":7,"column":47}},"7":{"start":{"line":8,"column":0},"end":{"line":8,"column":102}},"8":{"start":{"line":9,"column":0},"end":{"line":9,"column":46}},"9":{"start":{"line":10,"column":0},"end":{"line":10,"column":105}},"10":{"start":{"line":11,"column":0},"end":{"line":11,"column":110}},"11":{"start":{"line":12,"column":0},"end":{"line":12,"column":14}},"12":{"start":{"line":13,"column":0},"end":{"line":13,"column":74}},"13":{"start":{"line":14,"column":0},"end":{"line":14,"column":106}},"14":{"start":{"line":15,"column":0},"end":{"line":15,"column":14}},"15":{"start":{"line":16,"column":0},"end":{"line":16,"column":65}},"16":{"start":{"line":17,"column":0},"end":{"line":17,"column":103}},"17":{"start":{"line":18,"column":0},"end":{"line":18,"column":108}},"18":{"start":{"line":19,"column":0},"end":{"line":19,"column":14}},"19":{"start":{"line":20,"column":0},"end":{"line":20,"column":12}},"20":{"start":{"line":21,"column":0},"end":{"line":21,"column":103}},"21":{"start":{"line":22,"column":0},"end":{"line":22,"column":43}},"22":{"start":{"line":23,"column":0},"end":{"line":23,"column":107}},"23":{"start":{"line":24,"column":0},"end":{"line":24,"column":35}},"24":{"start":{"line":25,"column":0},"end":{"line":25,"column":40}},"25":{"start":{"line":26,"column":0},"end":{"line":26,"column":16}},"26":{"start":{"line":27,"column":0},"end":{"line":27,"column":21}},"27":{"start":{"line":28,"column":0},"end":{"line":28,"column":100}},"28":{"start":{"line":29,"column":0},"end":{"line":29,"column":14}},"29":{"start":{"line":30,"column":0},"end":{"line":30,"column":13}},"30":{"start":{"line":31,"column":0},"end":{"line":31,"column":14}},"31":{"start":{"line":32,"column":0},"end":{"line":32,"column":12}},"32":{"start":{"line":33,"column":0},"end":{"line":33,"column":10}},"34":{"start":{"line":35,"column":0},"end":{"line":35,"column":1}}},"s":{"0":5,"1":5,"2":5,"3":5,"4":5,"6":5,"7":5,"8":5,"9":5,"10":5,"11":5,"12":5,"13":5,"14":5,"15":5,"16":5,"17":5,"18":5,"19":5,"20":5,"21":5,"22":5,"23":5,"24":5,"25":35,"26":35,"27":35,"28":35,"29":5,"30":5,"31":5,"32":5,"34":5},"branchMap":{"0":{"type":"branch","line":1,"loc":{"start":{"line":1,"column":0},"end":{"line":35,"column":1}},"locations":[{"start":{"line":1,"column":0},"end":{"line":35,"column":1}}]},"1":{"type":"branch","line":25,"loc":{"start":{"line":25,"column":29},"end":{"line":29,"column":14}},"locations":[{"start":{"line":25,"column":29},"end":{"line":29,"column":14}}]}},"b":{"0":[5],"1":[35]},"fnMap":{"0":{"name":"LoadingSkeleton","decl":{"start":{"line":1,"column":0},"end":{"line":35,"column":1}},"loc":{"start":{"line":1,"column":0},"end":{"line":35,"column":1}},"line":1}},"f":{"0":5}}
,"/Users/jacobleon/atlas-music-player/src/components/MusicPlayer.tsx": {"path":"/Users/jacobleon/atlas-music-player/src/components/MusicPlayer.tsx","all":false,"statementMap":{"0":{"start":{"line":1,"column":0},"end":{"line":1,"column":44}},"1":{"start":{"line":2,"column":0},"end":{"line":2,"column":50}},"2":{"start":{"line":3,"column":0},"end":{"line":3,"column":34}},"3":{"start":{"line":4,"column":0},"end":{"line":4,"column":48}},"18":{"start":{"line":19,"column":0},"end":{"line":19,"column":39}},"19":{"start":{"line":20,"column":0},"end":{"line":20,"column":51}},"20":{"start":{"line":21,"column":0},"end":{"line":21,"column":55}},"21":{"start":{"line":22,"column":0},"end":{"line":22,"column":62}},"22":{"start":{"line":23,"column":0},"end":{"line":23,"column":89}},"23":{"start":{"line":24,"column":0},"end":{"line":24,"column":64}},"24":{"start":{"line":25,"column":0},"end":{"line":25,"column":52}},"25":{"start":{"line":26,"column":0},"end":{"line":26,"column":43}},"27":{"start":{"line":28,"column":0},"end":{"line":28,"column":19}},"28":{"start":{"line":29,"column":0},"end":{"line":29,"column":39}},"29":{"start":{"line":30,"column":0},"end":{"line":30,"column":11}},"30":{"start":{"line":31,"column":0},"end":{"line":31,"column":57}},"31":{"start":{"line":32,"column":0},"end":{"line":32,"column":70}},"32":{"start":{"line":33,"column":0},"end":{"line":33,"column":43}},"33":{"start":{"line":34,"column":0},"end":{"line":34,"column":26}},"34":{"start":{"line":35,"column":0},"end":{"line":35,"column":30}},"35":{"start":{"line":36,"column":0},"end":{"line":36,"column":39}},"36":{"start":{"line":37,"column":0},"end":{"line":37,"column":9}},"37":{"start":{"line":38,"column":0},"end":{"line":38,"column":23}},"38":{"start":{"line":39,"column":0},"end":{"line":39,"column":57}},"39":{"start":{"line":40,"column":0},"end":{"line":40,"column":17}},"40":{"start":{"line":41,"column":0},"end":{"line":41,"column":28}},"41":{"start":{"line":42,"column":0},"end":{"line":42,"column":7}},"42":{"start":{"line":43,"column":0},"end":{"line":43,"column":6}},"44":{"start":{"line":45,"column":0},"end":{"line":45,"column":20}},"45":{"start":{"line":46,"column":0},"end":{"line":46,"column":9}},"47":{"start":{"line":48,"column":0},"end":{"line":48,"column":54}},"48":{"start":{"line":49,"column":0},"end":{"line":49,"column":9}},"49":{"start":{"line":50,"column":0},"end":{"line":50,"column":62}},"50":{"start":{"line":51,"column":0},"end":{"line":51,"column":72}},"51":{"start":{"line":52,"column":0},"end":{"line":52,"column":41}},"52":{"start":{"line":53,"column":0},"end":{"line":53,"column":34}},"53":{"start":{"line":54,"column":0},"end":{"line":54,"column":21}},"54":{"start":{"line":55,"column":0},"end":{"line":55,"column":59}},"55":{"start":{"line":56,"column":0},"end":{"line":56,"column":5}},"56":{"start":{"line":57,"column":0},"end":{"line":57,"column":4}},"58":{"start":{"line":59,"column":0},"end":{"line":59,"column":51}},"59":{"start":{"line":60,"column":0},"end":{"line":60,"column":56}},"60":{"start":{"line":61,"column":0},"end":{"line":61,"column":32}},"61":{"start":{"line":62,"column":0},"end":{"line":62,"column":42}},"62":{"start":{"line":63,"column":0},"end":{"line":63,"column":21}},"63":{"start":{"line":64,"column":0},"end":{"line":64,"column":44}},"64":{"start":{"line":65,"column":0},"end":{"line":65,"column":3}},"65":{"start":{"line":66,"column":0},"end":{"line":66,"column":2}},"67":{"start":{"line":68,"column":0},"end":{"line":68,"column":18}},"68":{"start":{"line":69,"column":0},"end":{"line":69,"column":31}},"69":{"start":{"line":70,"column":0},"end":{"line":70,"column":3}},"71":{"start":{"line":72,"column":0},"end":{"line":72,"column":10}},"72":{"start":{"line":73,"column":0},"end":{"line":73,"column":122}},"73":{"start":{"line":74,"column":0},"end":{"line":74,"column":18}},"74":{"start":{"line":75,"column":0},"end":{"line":75,"column":27}},"75":{"start":{"line":76,"column":0},"end":{"line":76,"column":23}},"76":{"start":{"line":77,"column":0},"end":{"line":77,"column":29}},"77":{"start":{"line":78,"column":0},"end":{"line":78,"column":31}},"78":{"start":{"line":79,"column":0},"end":{"line":79,"column":37}},"79":{"start":{"line":80,"column":0},"end":{"line":80,"column":17}},"80":{"start":{"line":81,"column":0},"end":{"line":81,"column":23}},"81":{"start":{"line":82,"column":0},"end":{"line":82,"column":17}},"82":{"start":{"line":83,"column":0},"end":{"line":83,"column":43}},"83":{"start":{"line":84,"column":0},"end":{"line":84,"column":67}},"84":{"start":{"line":85,"column":0},"end":{"line":85,"column":4}},"85":{"start":{"line":86,"column":0},"end":{"line":86,"column":21}},"86":{"start":{"line":87,"column":0},"end":{"line":87,"column":43}},"87":{"start":{"line":88,"column":0},"end":{"line":88,"column":70}},"88":{"start":{"line":89,"column":0},"end":{"line":89,"column":4}},"89":{"start":{"line":90,"column":0},"end":{"line":90,"column":17}},"90":{"start":{"line":91,"column":0},"end":{"line":91,"column":16}},"91":{"start":{"line":92,"column":0},"end":{"line":92,"column":2}},"92":{"start":{"line":93,"column":0},"end":{"line":93,"column":103}},"93":{"start":{"line":94,"column":0},"end":{"line":94,"column":16}},"94":{"start":{"line":95,"column":0},"end":{"line":95,"column":24}},"95":{"start":{"line":96,"column":0},"end":{"line":96,"column":43}},"96":{"start":{"line":97,"column":0},"end":{"line":97,"column":39}},"97":{"start":{"line":98,"column":0},"end":{"line":98,"column":8}},"98":{"start":{"line":99,"column":0},"end":{"line":99,"column":10}},"100":{"start":{"line":101,"column":0},"end":{"line":101,"column":1}}},"s":{"0":1,"1":1,"2":1,"3":1,"18":23,"19":23,"20":23,"21":23,"22":23,"23":23,"24":23,"25":23,"27":23,"28":5,"29":5,"30":5,"31":5,"32":5,"33":5,"34":5,"35":5,"36":5,"37":5,"38":0,"39":5,"40":5,"41":5,"42":5,"44":5,"45":23,"47":23,"48":8,"49":8,"50":8,"51":8,"52":8,"53":8,"54":0,"55":0,"56":8,"58":23,"59":3,"60":3,"61":3,"62":3,"63":3,"64":3,"65":3,"67":23,"68":5,"69":5,"71":18,"72":18,"73":18,"74":18,"75":18,"76":18,"77":18,"78":18,"79":18,"80":18,"81":18,"82":2,"83":2,"84":2,"85":18,"86":1,"87":1,"88":1,"89":18,"90":18,"91":18,"92":18,"93":18,"94":18,"95":18,"96":18,"97":18,"98":18,"100":18},"branchMap":{"0":{"type":"branch","line":19,"loc":{"start":{"line":19,"column":0},"end":{"line":101,"column":1}},"locations":[{"start":{"line":19,"column":0},"end":{"line":101,"column":1}}]},"1":{"type":"branch","line":68,"loc":{"start":{"line":68,"column":17},"end":{"line":70,"column":3}},"locations":[{"start":{"line":68,"column":17},"end":{"line":70,"column":3}}]},"2":{"type":"branch","line":70,"loc":{"start":{"line":70,"column":2},"end":{"line":101,"column":1}},"locations":[{"start":{"line":70,"column":2},"end":{"line":101,"column":1}}]},"3":{"type":"branch","line":28,"loc":{"start":{"line":28,"column":12},"end":{"line":46,"column":5}},"locations":[{"start":{"line":28,"column":12},"end":{"line":46,"column":5}}]},"4":{"type":"branch","line":29,"loc":{"start":{"line":29,"column":26},"end":{"line":43,"column":6}},"locations":[{"start":{"line":29,"column":26},"end":{"line":43,"column":6}}]},"5":{"type":"branch","line":32,"loc":{"start":{"line":32,"column":26},"end":{"line":32,"column":70}},"locations":[{"start":{"line":32,"column":26},"end":{"line":32,"column":70}}]},"6":{"type":"branch","line":38,"loc":{"start":{"line":38,"column":6},"end":{"line":40,"column":8}},"locations":[{"start":{"line":38,"column":6},"end":{"line":40,"column":8}}]},"7":{"type":"branch","line":48,"loc":{"start":{"line":48,"column":27},"end":{"line":57,"column":4}},"locations":[{"start":{"line":48,"column":27},"end":{"line":57,"column":4}}]},"8":{"type":"branch","line":51,"loc":{"start":{"line":51,"column":24},"end":{"line":51,"column":72}},"locations":[{"start":{"line":51,"column":24},"end":{"line":51,"column":72}}]},"9":{"type":"branch","line":54,"loc":{"start":{"line":54,"column":4},"end":{"line":56,"column":5}},"locations":[{"start":{"line":54,"column":4},"end":{"line":56,"column":5}}]},"10":{"type":"branch","line":59,"loc":{"start":{"line":59,"column":25},"end":{"line":66,"column":2}},"locations":[{"start":{"line":59,"column":25},"end":{"line":66,"column":2}}]},"11":{"type":"branch","line":60,"loc":{"start":{"line":60,"column":37},"end":{"line":60,"column":50}},"locations":[{"start":{"line":60,"column":37},"end":{"line":60,"column":50}}]},"12":{"type":"branch","line":82,"loc":{"start":{"line":82,"column":10},"end":{"line":85,"column":4}},"locations":[{"start":{"line":82,"column":10},"end":{"line":85,"column":4}}]},"13":{"type":"branch","line":84,"loc":{"start":{"line":84,"column":43},"end":{"line":84,"column":56}},"locations":[{"start":{"line":84,"column":43},"end":{"line":84,"column":56}}]},"14":{"type":"branch","line":86,"loc":{"start":{"line":86,"column":14},"end":{"line":89,"column":4}},"locations":[{"start":{"line":86,"column":14},"end":{"line":89,"column":4}}]},"15":{"type":"branch","line":88,"loc":{"start":{"line":88,"column":33},"end":{"line":88,"column":59}},"locations":[{"start":{"line":88,"column":33},"end":{"line":88,"column":59}}]}},"b":{"0":[23],"1":[5],"2":[18],"3":[5],"4":[5],"5":[0],"6":[0],"7":[8],"8":[0],"9":[0],"10":[3],"11":[0],"12":[2],"13":[0],"14":[1],"15":[0]},"fnMap":{"0":{"name":"MusicPlayer","decl":{"start":{"line":19,"column":0},"end":{"line":101,"column":1}},"loc":{"start":{"line":19,"column":0},"end":{"line":101,"column":1}},"line":19},"1":{"name":"fetchPlaylist","decl":{"start":{"line":29,"column":26},"end":{"line":43,"column":6}},"loc":{"start":{"line":29,"column":26},"end":{"line":43,"column":6}},"line":29},"2":{"name":"fetchSongDetails","decl":{"start":{"line":48,"column":27},"end":{"line":57,"column":4}},"loc":{"start":{"line":48,"column":27},"end":{"line":57,"column":4}},"line":48},"3":{"name":"handleSongSelect","decl":{"start":{"line":59,"column":25},"end":{"line":66,"column":2}},"loc":{"start":{"line":59,"column":25},"end":{"line":66,"column":2}},"line":59},"4":{"name":"onNext","decl":{"start":{"line":82,"column":10},"end":{"line":85,"column":4}},"loc":{"start":{"line":82,"column":10},"end":{"line":85,"column":4}},"line":82},"5":{"name":"onPrevious","decl":{"start":{"line":86,"column":14},"end":{"line":89,"column":4}},"loc":{"start":{"line":86,"column":14},"end":{"line":89,"column":4}},"line":86}},"f":{"0":23,"1":5,"2":8,"3":3,"4":2,"5":1}}
,"/Users/jacobleon/atlas-music-player/src/components/PlayControls.tsx": {"path":"/Users/jacobleon/atlas-music-player/src/components/PlayControls.tsx","all":false,"statementMap":{"0":{"start":{"line":1,"column":0},"end":{"line":1,"column":33}},"1":{"start":{"line":2,"column":0},"end":{"line":2,"column":73}},"16":{"start":{"line":17,"column":0},"end":{"line":17,"column":38}},"17":{"start":{"line":18,"column":0},"end":{"line":18,"column":12}},"18":{"start":{"line":19,"column":0},"end":{"line":19,"column":15}},"19":{"start":{"line":20,"column":0},"end":{"line":20,"column":9}},"20":{"start":{"line":21,"column":0},"end":{"line":21,"column":13}},"21":{"start":{"line":22,"column":0},"end":{"line":22,"column":10}},"22":{"start":{"line":23,"column":0},"end":{"line":23,"column":9}},"23":{"start":{"line":24,"column":0},"end":{"line":24,"column":16}},"24":{"start":{"line":25,"column":0},"end":{"line":25,"column":19}},"25":{"start":{"line":26,"column":0},"end":{"line":26,"column":12}},"26":{"start":{"line":27,"column":0},"end":{"line":27,"column":20}},"27":{"start":{"line":28,"column":0},"end":{"line":28,"column":23}},"28":{"start":{"line":29,"column":0},"end":{"line":29,"column":56}},"30":{"start":{"line":31,"column":0},"end":{"line":31,"column":34}},"31":{"start":{"line":32,"column":0},"end":{"line":32,"column":44}},"32":{"start":{"line":33,"column":0},"end":{"line":33,"column":70}},"33":{"start":{"line":34,"column":0},"end":{"line":34,"column":57}},"34":{"start":{"line":35,"column":0},"end":{"line":35,"column":40}},"35":{"start":{"line":36,"column":0},"end":{"line":36,"column":4}},"37":{"start":{"line":38,"column":0},"end":{"line":38,"column":33}},"38":{"start":{"line":39,"column":0},"end":{"line":39,"column":57}},"39":{"start":{"line":40,"column":0},"end":{"line":40,"column":69}},"40":{"start":{"line":41,"column":0},"end":{"line":41,"column":29}},"41":{"start":{"line":42,"column":0},"end":{"line":42,"column":12}},"42":{"start":{"line":43,"column":0},"end":{"line":43,"column":15}},"43":{"start":{"line":44,"column":0},"end":{"line":44,"column":5}},"44":{"start":{"line":45,"column":0},"end":{"line":45,"column":4}},"46":{"start":{"line":47,"column":0},"end":{"line":47,"column":10}},"47":{"start":{"line":48,"column":0},"end":{"line":48,"column":61}},"48":{"start":{"line":49,"column":0},"end":{"line":49,"column":13}},"49":{"start":{"line":50,"column":0},"end":{"line":50,"column":34}},"50":{"start":{"line":51,"column":0},"end":{"line":51,"column":124}},"51":{"start":{"line":52,"column":0},"end":{"line":52,"column":64}},"53":{"start":{"line":54,"column":0},"end":{"line":54,"column":69}},"54":{"start":{"line":55,"column":0},"end":{"line":55,"column":15}},"56":{"start":{"line":57,"column":0},"end":{"line":57,"column":13}},"57":{"start":{"line":58,"column":0},"end":{"line":58,"column":28}},"58":{"start":{"line":59,"column":0},"end":{"line":59,"column":26}},"59":{"start":{"line":60,"column":0},"end":{"line":60,"column":124}},"60":{"start":{"line":61,"column":0},"end":{"line":61,"column":61}},"61":{"start":{"line":62,"column":0},"end":{"line":62,"column":34}},"63":{"start":{"line":64,"column":0},"end":{"line":64,"column":38}},"64":{"start":{"line":65,"column":0},"end":{"line":65,"column":15}},"66":{"start":{"line":67,"column":0},"end":{"line":67,"column":13}},"67":{"start":{"line":68,"column":0},"end":{"line":68,"column":48}},"68":{"start":{"line":69,"column":0},"end":{"line":69,"column":254}},"69":{"start":{"line":70,"column":0},"end":{"line":70,"column":49}},"71":{"start":{"line":72,"column":0},"end":{"line":72,"column":22}},"72":{"start":{"line":73,"column":0},"end":{"line":73,"column":39}},"74":{"start":{"line":75,"column":0},"end":{"line":75,"column":38}},"76":{"start":{"line":77,"column":0},"end":{"line":77,"column":15}},"78":{"start":{"line":79,"column":0},"end":{"line":79,"column":13}},"79":{"start":{"line":80,"column":0},"end":{"line":80,"column":33}},"80":{"start":{"line":81,"column":0},"end":{"line":81,"column":41}},"81":{"start":{"line":82,"column":0},"end":{"line":82,"column":124}},"82":{"start":{"line":83,"column":0},"end":{"line":83,"column":76}},"83":{"start":{"line":84,"column":0},"end":{"line":84,"column":30}},"85":{"start":{"line":86,"column":0},"end":{"line":86,"column":43}},"86":{"start":{"line":87,"column":0},"end":{"line":87,"column":15}},"88":{"start":{"line":89,"column":0},"end":{"line":89,"column":13}},"89":{"start":{"line":90,"column":0},"end":{"line":90,"column":52}},"90":{"start":{"line":91,"column":0},"end":{"line":91,"column":37}},"91":{"start":{"line":92,"column":0},"end":{"line":92,"column":24}},"92":{"start":{"line":93,"column":0},"end":{"line":93,"column":57}},"93":{"start":{"line":94,"column":0},"end":{"line":94,"column":102}},"94":{"start":{"line":95,"column":0},"end":{"line":95,"column":13}},"95":{"start":{"line":96,"column":0},"end":{"line":96,"column":63}},"97":{"start":{"line":98,"column":0},"end":{"line":98,"column":39}},"98":{"start":{"line":99,"column":0},"end":{"line":99,"column":15}},"99":{"start":{"line":100,"column":0},"end":{"line":100,"column":10}},"101":{"start":{"line":102,"column":0},"end":{"line":102,"column":1}}},"s":{"0":1,"1":1,"16":14,"17":14,"18":14,"19":14,"20":14,"21":14,"22":14,"23":14,"24":14,"25":14,"26":14,"27":14,"28":14,"30":14,"31":2,"32":2,"33":2,"34":2,"35":2,"37":14,"38":2,"39":0,"40":0,"41":2,"42":2,"43":2,"44":2,"46":14,"47":14,"48":14,"49":14,"50":14,"51":14,"53":14,"54":14,"56":14,"57":14,"58":14,"59":14,"60":14,"61":14,"63":14,"64":14,"66":14,"67":14,"68":14,"69":14,"71":14,"72":1,"74":13,"76":14,"78":14,"79":14,"80":14,"81":14,"82":14,"83":14,"85":14,"86":14,"88":14,"89":14,"90":14,"91":14,"92":0,"93":14,"94":14,"95":14,"97":14,"98":14,"99":14,"101":14},"branchMap":{"0":{"type":"branch","line":17,"loc":{"start":{"line":17,"column":0},"end":{"line":102,"column":1}},"locations":[{"start":{"line":17,"column":0},"end":{"line":102,"column":1}}]},"1":{"type":"branch","line":61,"loc":{"start":{"line":61,"column":12},"end":{"line":61,"column":56}},"locations":[{"start":{"line":61,"column":12},"end":{"line":61,"column":56}}]},"2":{"type":"branch","line":70,"loc":{"start":{"line":70,"column":20},"end":{"line":70,"column":42}},"locations":[{"start":{"line":70,"column":20},"end":{"line":70,"column":42}}]},"3":{"type":"branch","line":70,"loc":{"start":{"line":70,"column":32},"end":{"line":70,"column":49}},"locations":[{"start":{"line":70,"column":32},"end":{"line":70,"column":49}}]},"4":{"type":"branch","line":72,"loc":{"start":{"line":72,"column":9},"end":{"line":73,"column":39}},"locations":[{"start":{"line":72,"column":9},"end":{"line":73,"column":39}}]},"5":{"type":"branch","line":73,"loc":{"start":{"line":73,"column":37},"end":{"line":75,"column":38}},"locations":[{"start":{"line":73,"column":37},"end":{"line":75,"column":38}}]},"6":{"type":"branch","line":81,"loc":{"start":{"line":81,"column":18},"end":{"line":81,"column":41}},"locations":[{"start":{"line":81,"column":18},"end":{"line":81,"column":41}}]},"7":{"type":"branch","line":83,"loc":{"start":{"line":83,"column":12},"end":{"line":83,"column":37}},"locations":[{"start":{"line":83,"column":12},"end":{"line":83,"column":37}}]},"8":{"type":"branch","line":83,"loc":{"start":{"line":83,"column":23},"end":{"line":83,"column":71}},"locations":[{"start":{"line":83,"column":23},"end":{"line":83,"column":71}}]},"9":{"type":"branch","line":92,"loc":{"start":{"line":92,"column":12},"end":{"line":93,"column":57}},"locations":[{"start":{"line":92,"column":12},"end":{"line":93,"column":57}}]},"10":{"type":"branch","line":96,"loc":{"start":{"line":96,"column":20},"end":{"line":96,"column":49}},"locations":[{"start":{"line":96,"column":20},"end":{"line":96,"column":49}}]},"11":{"type":"branch","line":31,"loc":{"start":{"line":31,"column":27},"end":{"line":36,"column":4}},"locations":[{"start":{"line":31,"column":27},"end":{"line":36,"column":4}}]},"12":{"type":"branch","line":38,"loc":{"start":{"line":38,"column":26},"end":{"line":45,"column":4}},"locations":[{"start":{"line":38,"column":26},"end":{"line":45,"column":4}}]},"13":{"type":"branch","line":39,"loc":{"start":{"line":39,"column":8},"end":{"line":39,"column":36}},"locations":[{"start":{"line":39,"column":8},"end":{"line":39,"column":36}}]},"14":{"type":"branch","line":39,"loc":{"start":{"line":39,"column":23},"end":{"line":39,"column":56}},"locations":[{"start":{"line":39,"column":23},"end":{"line":39,"column":56}}]},"15":{"type":"branch","line":39,"loc":{"start":{"line":39,"column":56},"end":{"line":42,"column":11}},"locations":[{"start":{"line":39,"column":56},"end":{"line":42,"column":11}}]},"16":{"type":"branch","line":68,"loc":{"start":{"line":68,"column":17},"end":{"line":68,"column":48}},"locations":[{"start":{"line":68,"column":17},"end":{"line":68,"column":48}}]}},"b":{"0":[14],"1":[0],"2":[1],"3":[13],"4":[1],"5":[13],"6":[0],"7":[0],"8":[0],"9":[0],"10":[0],"11":[2],"12":[2],"13":[0],"14":[0],"15":[0],"16":[2]},"fnMap":{"0":{"name":"PlayControls","decl":{"start":{"line":17,"column":0},"end":{"line":102,"column":1}},"loc":{"start":{"line":17,"column":0},"end":{"line":102,"column":1}},"line":17},"1":{"name":"handleSpeedClick","decl":{"start":{"line":31,"column":27},"end":{"line":36,"column":4}},"loc":{"start":{"line":31,"column":27},"end":{"line":36,"column":4}},"line":31},"2":{"name":"handleNextClick","decl":{"start":{"line":38,"column":26},"end":{"line":45,"column":4}},"loc":{"start":{"line":38,"column":26},"end":{"line":45,"column":4}},"line":38},"3":{"name":"onClick","decl":{"start":{"line":68,"column":17},"end":{"line":68,"column":48}},"loc":{"start":{"line":68,"column":17},"end":{"line":68,"column":48}},"line":68},"4":{"name":"onClick","decl":{"start":{"line":90,"column":17},"end":{"line":90,"column":52}},"loc":{"start":{"line":90,"column":17},"end":{"line":90,"column":52}},"line":90}},"f":{"0":14,"1":2,"2":2,"3":2,"4":0}}
,"/Users/jacobleon/atlas-music-player/src/components/PlayListItem.tsx": {"path":"/Users/jacobleon/atlas-music-player/src/components/PlayListItem.tsx","all":false,"statementMap":{"11":{"start":{"line":12,"column":0},"end":{"line":12,"column":89}},"12":{"start":{"line":13,"column":0},"end":{"line":13,"column":55}},"13":{"start":{"line":14,"column":0},"end":{"line":14,"column":42}},"14":{"start":{"line":15,"column":0},"end":{"line":15,"column":30}},"15":{"start":{"line":16,"column":0},"end":{"line":16,"column":57}},"16":{"start":{"line":17,"column":0},"end":{"line":17,"column":4}},"18":{"start":{"line":19,"column":0},"end":{"line":19,"column":10}},"19":{"start":{"line":20,"column":0},"end":{"line":20,"column":8}},"20":{"start":{"line":21,"column":0},"end":{"line":21,"column":24}},"21":{"start":{"line":22,"column":0},"end":{"line":22,"column":96}},"22":{"start":{"line":23,"column":0},"end":{"line":23,"column":18}},"23":{"start":{"line":24,"column":0},"end":{"line":24,"column":109}},"24":{"start":{"line":25,"column":0},"end":{"line":25,"column":69}},"25":{"start":{"line":26,"column":0},"end":{"line":26,"column":9}},"27":{"start":{"line":28,"column":0},"end":{"line":28,"column":33}},"28":{"start":{"line":29,"column":0},"end":{"line":29,"column":81}},"29":{"start":{"line":30,"column":0},"end":{"line":30,"column":22}},"30":{"start":{"line":31,"column":0},"end":{"line":31,"column":14}},"31":{"start":{"line":32,"column":0},"end":{"line":32,"column":89}},"32":{"start":{"line":33,"column":0},"end":{"line":33,"column":23}},"33":{"start":{"line":34,"column":0},"end":{"line":34,"column":14}},"34":{"start":{"line":35,"column":0},"end":{"line":35,"column":12}},"35":{"start":{"line":36,"column":0},"end":{"line":36,"column":88}},"36":{"start":{"line":37,"column":0},"end":{"line":37,"column":39}},"37":{"start":{"line":38,"column":0},"end":{"line":38,"column":13}},"38":{"start":{"line":39,"column":0},"end":{"line":39,"column":10}},"40":{"start":{"line":41,"column":0},"end":{"line":41,"column":1}}},"s":{"11":31,"12":31,"13":31,"14":31,"15":31,"16":31,"18":31,"19":31,"20":31,"21":31,"22":31,"23":15,"24":16,"25":31,"27":31,"28":31,"29":31,"30":31,"31":31,"32":31,"33":31,"34":31,"35":31,"36":31,"37":31,"38":31,"40":31},"branchMap":{"0":{"type":"branch","line":12,"loc":{"start":{"line":12,"column":0},"end":{"line":41,"column":1}},"locations":[{"start":{"line":12,"column":0},"end":{"line":41,"column":1}}]},"1":{"type":"branch","line":23,"loc":{"start":{"line":23,"column":8},"end":{"line":24,"column":109}},"locations":[{"start":{"line":23,"column":8},"end":{"line":24,"column":109}}]},"2":{"type":"branch","line":24,"loc":{"start":{"line":24,"column":12},"end":{"line":25,"column":69}},"locations":[{"start":{"line":24,"column":12},"end":{"line":25,"column":69}}]},"3":{"type":"branch","line":13,"loc":{"start":{"line":13,"column":25},"end":{"line":17,"column":4}},"locations":[{"start":{"line":13,"column":25},"end":{"line":17,"column":4}}]}},"b":{"0":[31],"1":[15],"2":[16],"3":[31]},"fnMap":{"0":{"name":"PlayListItem","decl":{"start":{"line":12,"column":0},"end":{"line":41,"column":1}},"loc":{"start":{"line":12,"column":0},"end":{"line":41,"column":1}},"line":12},"1":{"name":"formatDuration","decl":{"start":{"line":13,"column":25},"end":{"line":17,"column":4}},"loc":{"start":{"line":13,"column":25},"end":{"line":17,"column":4}},"line":13}},"f":{"0":31,"1":31}}
,"/Users/jacobleon/atlas-music-player/src/components/Playlist.tsx": {"path":"/Users/jacobleon/atlas-music-player/src/components/Playlist.tsx","all":false,"statementMap":{"0":{"start":{"line":1,"column":0},"end":{"line":1,"column":42}},"16":{"start":{"line":17,"column":0},"end":{"line":17,"column":92}},"17":{"start":{"line":18,"column":0},"end":{"line":18,"column":10}},"18":{"start":{"line":19,"column":0},"end":{"line":19,"column":55}},"19":{"start":{"line":20,"column":0},"end":{"line":20,"column":79}},"21":{"start":{"line":22,"column":0},"end":{"line":22,"column":11}},"22":{"start":{"line":23,"column":0},"end":{"line":23,"column":60}},"23":{"start":{"line":24,"column":0},"end":{"line":24,"column":37}},"24":{"start":{"line":25,"column":0},"end":{"line":25,"column":23}},"25":{"start":{"line":26,"column":0},"end":{"line":26,"column":25}},"26":{"start":{"line":27,"column":0},"end":{"line":27,"column":23}},"27":{"start":{"line":28,"column":0},"end":{"line":28,"column":51}},"28":{"start":{"line":29,"column":0},"end":{"line":29,"column":48}},"29":{"start":{"line":30,"column":0},"end":{"line":30,"column":12}},"30":{"start":{"line":31,"column":0},"end":{"line":31,"column":11}},"31":{"start":{"line":32,"column":0},"end":{"line":32,"column":12}},"32":{"start":{"line":33,"column":0},"end":{"line":33,"column":10}},"34":{"start":{"line":35,"column":0},"end":{"line":35,"column":1}}},"s":{"0":1,"16":14,"17":14,"18":14,"19":14,"21":14,"22":14,"23":14,"24":28,"25":28,"26":28,"27":28,"28":28,"29":28,"30":14,"31":14,"32":14,"34":14},"branchMap":{"0":{"type":"branch","line":17,"loc":{"start":{"line":17,"column":0},"end":{"line":35,"column":1}},"locations":[{"start":{"line":17,"column":0},"end":{"line":35,"column":1}}]},"1":{"type":"branch","line":24,"loc":{"start":{"line":24,"column":19},"end":{"line":30,"column":12}},"locations":[{"start":{"line":24,"column":19},"end":{"line":30,"column":12}}]}},"b":{"0":[14],"1":[28]},"fnMap":{"0":{"name":"Playlist","decl":{"start":{"line":17,"column":0},"end":{"line":35,"column":1}},"loc":{"start":{"line":17,"column":0},"end":{"line":35,"column":1}},"line":17},"1":{"name":"onSelect","decl":{"start":{"line":29,"column":22},"end":{"line":29,"column":48}},"loc":{"start":{"line":29,"column":22},"end":{"line":29,"column":48}},"line":29}},"f":{"0":14,"1":0}}
,"/Users/jacobleon/atlas-music-player/src/components/SongTitle.tsx": {"path":"/Users/jacobleon/atlas-music-player/src/components/SongTitle.tsx","all":false,"statementMap":{"6":{"start":{"line":7,"column":0},"end":{"line":7,"column":70}},"7":{"start":{"line":8,"column":0},"end":{"line":8,"column":26}},"8":{"start":{"line":9,"column":0},"end":{"line":9,"column":12}},"9":{"start":{"line":10,"column":0},"end":{"line":10,"column":37}},"10":{"start":{"line":11,"column":0},"end":{"line":11,"column":83}},"11":{"start":{"line":12,"column":0},"end":{"line":12,"column":78}},"12":{"start":{"line":13,"column":0},"end":{"line":13,"column":12}},"14":{"start":{"line":15,"column":0},"end":{"line":15,"column":3}},"16":{"start":{"line":17,"column":0},"end":{"line":17,"column":10}},"17":{"start":{"line":18,"column":0},"end":{"line":18,"column":6}},"18":{"start":{"line":19,"column":0},"end":{"line":19,"column":84}},"19":{"start":{"line":20,"column":0},"end":{"line":20,"column":15}},"20":{"start":{"line":21,"column":0},"end":{"line":21,"column":11}},"21":{"start":{"line":22,"column":0},"end":{"line":22,"column":96}},"22":{"start":{"line":23,"column":0},"end":{"line":23,"column":16}},"23":{"start":{"line":24,"column":0},"end":{"line":24,"column":10}},"24":{"start":{"line":25,"column":0},"end":{"line":25,"column":7}},"26":{"start":{"line":27,"column":0},"end":{"line":27,"column":1}}},"s":{"6":17,"7":17,"8":2,"9":2,"10":2,"11":2,"12":2,"14":2,"16":15,"17":15,"18":15,"19":15,"20":15,"21":15,"22":15,"23":15,"24":15,"26":15},"branchMap":{"0":{"type":"branch","line":7,"loc":{"start":{"line":7,"column":0},"end":{"line":27,"column":1}},"locations":[{"start":{"line":7,"column":0},"end":{"line":27,"column":1}}]},"1":{"type":"branch","line":8,"loc":{"start":{"line":8,"column":7},"end":{"line":8,"column":25}},"locations":[{"start":{"line":8,"column":7},"end":{"line":8,"column":25}}]},"2":{"type":"branch","line":8,"loc":{"start":{"line":8,"column":25},"end":{"line":15,"column":3}},"locations":[{"start":{"line":8,"column":25},"end":{"line":15,"column":3}}]},"3":{"type":"branch","line":15,"loc":{"start":{"line":15,"column":2},"end":{"line":27,"column":1}},"locations":[{"start":{"line":15,"column":2},"end":{"line":27,"column":1}}]}},"b":{"0":[17],"1":[15],"2":[2],"3":[15]},"fnMap":{"0":{"name":"SongTitle","decl":{"start":{"line":7,"column":0},"end":{"line":27,"column":1}},"loc":{"start":{"line":7,"column":0},"end":{"line":27,"column":1}},"line":7}},"f":{"0":17}}
,"/Users/jacobleon/atlas-music-player/src/components/VolumeControls.tsx": {"path":"/Users/jacobleon/atlas-music-player/src/components/VolumeControls.tsx","all":false,"statementMap":{"0":{"start":{"line":1,"column":0},"end":{"line":1,"column":52}},"1":{"start":{"line":2,"column":0},"end":{"line":2,"column":48}},"8":{"start":{"line":9,"column":0},"end":{"line":9,"column":84}},"9":{"start":{"line":10,"column":0},"end":{"line":10,"column":48}},"10":{"start":{"line":11,"column":0},"end":{"line":11,"column":54}},"11":{"start":{"line":12,"column":0},"end":{"line":12,"column":49}},"12":{"start":{"line":13,"column":0},"end":{"line":13,"column":49}},"14":{"start":{"line":15,"column":0},"end":{"line":15,"column":56}},"15":{"start":{"line":16,"column":0},"end":{"line":16,"column":60}},"17":{"start":{"line":18,"column":0},"end":{"line":18,"column":59}},"18":{"start":{"line":19,"column":0},"end":{"line":19,"column":54}},"19":{"start":{"line":20,"column":0},"end":{"line":20,"column":53}},"20":{"start":{"line":21,"column":0},"end":{"line":21,"column":51}},"21":{"start":{"line":22,"column":0},"end":{"line":22,"column":37}},"22":{"start":{"line":23,"column":0},"end":{"line":23,"column":65}},"23":{"start":{"line":24,"column":0},"end":{"line":24,"column":4}},"25":{"start":{"line":26,"column":0},"end":{"line":26,"column":51}},"26":{"start":{"line":27,"column":0},"end":{"line":27,"column":47}},"27":{"start":{"line":28,"column":0},"end":{"line":28,"column":25}},"28":{"start":{"line":29,"column":0},"end":{"line":29,"column":35}},"29":{"start":{"line":30,"column":0},"end":{"line":30,"column":4}},"31":{"start":{"line":32,"column":0},"end":{"line":32,"column":52}},"32":{"start":{"line":33,"column":0},"end":{"line":33,"column":24}},"33":{"start":{"line":34,"column":0},"end":{"line":34,"column":34}},"34":{"start":{"line":35,"column":0},"end":{"line":35,"column":4}},"36":{"start":{"line":37,"column":0},"end":{"line":37,"column":46}},"37":{"start":{"line":38,"column":0},"end":{"line":38,"column":28}},"38":{"start":{"line":39,"column":0},"end":{"line":39,"column":34}},"39":{"start":{"line":40,"column":0},"end":{"line":40,"column":4}},"41":{"start":{"line":42,"column":0},"end":{"line":42,"column":31}},"42":{"start":{"line":43,"column":0},"end":{"line":43,"column":25}},"43":{"start":{"line":44,"column":0},"end":{"line":44,"column":4}},"45":{"start":{"line":46,"column":0},"end":{"line":46,"column":46}},"46":{"start":{"line":47,"column":0},"end":{"line":47,"column":28}},"47":{"start":{"line":48,"column":0},"end":{"line":48,"column":23}},"48":{"start":{"line":49,"column":0},"end":{"line":49,"column":31}},"49":{"start":{"line":50,"column":0},"end":{"line":50,"column":38}},"50":{"start":{"line":51,"column":0},"end":{"line":51,"column":4}},"52":{"start":{"line":53,"column":0},"end":{"line":53,"column":53}},"53":{"start":{"line":54,"column":0},"end":{"line":54,"column":24}},"54":{"start":{"line":55,"column":0},"end":{"line":55,"column":31}},"55":{"start":{"line":56,"column":0},"end":{"line":56,"column":38}},"56":{"start":{"line":57,"column":0},"end":{"line":57,"column":4}},"58":{"start":{"line":59,"column":0},"end":{"line":59,"column":19}},"59":{"start":{"line":60,"column":0},"end":{"line":60,"column":21}},"60":{"start":{"line":61,"column":0},"end":{"line":61,"column":62}},"61":{"start":{"line":62,"column":0},"end":{"line":62,"column":58}},"62":{"start":{"line":63,"column":0},"end":{"line":63,"column":63}},"63":{"start":{"line":64,"column":0},"end":{"line":64,"column":23}},"64":{"start":{"line":65,"column":0},"end":{"line":65,"column":9}},"65":{"start":{"line":66,"column":0},"end":{"line":66,"column":59}},"66":{"start":{"line":67,"column":0},"end":{"line":67,"column":5}},"68":{"start":{"line":69,"column":0},"end":{"line":69,"column":18}},"69":{"start":{"line":70,"column":0},"end":{"line":70,"column":65}},"70":{"start":{"line":71,"column":0},"end":{"line":71,"column":61}},"71":{"start":{"line":72,"column":0},"end":{"line":72,"column":65}},"72":{"start":{"line":73,"column":0},"end":{"line":73,"column":62}},"73":{"start":{"line":74,"column":0},"end":{"line":74,"column":6}},"74":{"start":{"line":75,"column":0},"end":{"line":75,"column":19}},"76":{"start":{"line":77,"column":0},"end":{"line":77,"column":10}},"77":{"start":{"line":78,"column":0},"end":{"line":78,"column":74}},"78":{"start":{"line":79,"column":0},"end":{"line":79,"column":13}},"79":{"start":{"line":80,"column":0},"end":{"line":80,"column":44}},"80":{"start":{"line":81,"column":0},"end":{"line":81,"column":132}},"81":{"start":{"line":82,"column":0},"end":{"line":82,"column":48}},"83":{"start":{"line":84,"column":0},"end":{"line":84,"column":20}},"84":{"start":{"line":85,"column":0},"end":{"line":85,"column":41}},"86":{"start":{"line":87,"column":0},"end":{"line":87,"column":41}},"88":{"start":{"line":89,"column":0},"end":{"line":89,"column":15}},"89":{"start":{"line":90,"column":0},"end":{"line":90,"column":10}},"90":{"start":{"line":91,"column":0},"end":{"line":91,"column":23}},"91":{"start":{"line":92,"column":0},"end":{"line":92,"column":37}},"92":{"start":{"line":93,"column":0},"end":{"line":93,"column":39}},"93":{"start":{"line":94,"column":0},"end":{"line":94,"column":109}},"94":{"start":{"line":95,"column":0},"end":{"line":95,"column":21}},"95":{"start":{"line":96,"column":0},"end":{"line":96,"column":34}},"96":{"start":{"line":97,"column":0},"end":{"line":97,"column":25}},"97":{"start":{"line":98,"column":0},"end":{"line":98,"column":27}},"98":{"start":{"line":99,"column":0},"end":{"line":99,"column":44}},"100":{"start":{"line":101,"column":0},"end":{"line":101,"column":12}},"101":{"start":{"line":102,"column":0},"end":{"line":102,"column":119}},"102":{"start":{"line":103,"column":0},"end":{"line":103,"column":55}},"103":{"start":{"line":104,"column":0},"end":{"line":104,"column":10}},"104":{"start":{"line":105,"column":0},"end":{"line":105,"column":12}},"105":{"start":{"line":106,"column":0},"end":{"line":106,"column":25}},"106":{"start":{"line":107,"column":0},"end":{"line":107,"column":173}},"107":{"start":{"line":108,"column":0},"end":{"line":108,"column":18}},"108":{"start":{"line":109,"column":0},"end":{"line":109,"column":45}},"109":{"start":{"line":110,"column":0},"end":{"line":110,"column":47}},"110":{"start":{"line":111,"column":0},"end":{"line":111,"column":12}},"111":{"start":{"line":112,"column":0},"end":{"line":112,"column":10}},"112":{"start":{"line":113,"column":0},"end":{"line":113,"column":12}},"113":{"start":{"line":114,"column":0},"end":{"line":114,"column":10}},"115":{"start":{"line":116,"column":0},"end":{"line":116,"column":1}}},"s":{"0":1,"1":1,"8":17,"9":17,"10":17,"11":17,"12":17,"14":17,"15":0,"17":0,"18":0,"19":0,"20":0,"21":0,"22":0,"23":0,"25":17,"26":0,"27":0,"28":0,"29":0,"31":17,"32":0,"33":0,"34":0,"36":17,"37":0,"38":0,"39":0,"41":17,"42":0,"43":0,"45":17,"46":0,"47":0,"48":0,"49":0,"50":0,"52":17,"53":0,"54":0,"55":0,"56":0,"58":17,"59":8,"60":0,"61":0,"62":0,"63":0,"64":0,"65":0,"66":0,"68":8,"69":8,"70":8,"71":8,"72":8,"73":8,"74":17,"76":17,"77":17,"78":17,"79":17,"80":17,"81":17,"83":17,"84":0,"86":17,"88":17,"89":17,"90":17,"91":17,"92":17,"93":17,"94":17,"95":17,"96":17,"97":17,"98":17,"100":17,"101":17,"102":17,"103":17,"104":17,"105":17,"106":17,"107":17,"108":17,"109":17,"110":17,"111":17,"112":17,"113":17,"115":17},"branchMap":{"0":{"type":"branch","line":9,"loc":{"start":{"line":9,"column":0},"end":{"line":116,"column":1}},"locations":[{"start":{"line":9,"column":0},"end":{"line":116,"column":1}}]},"1":{"type":"branch","line":82,"loc":{"start":{"line":82,"column":20},"end":{"line":82,"column":41}},"locations":[{"start":{"line":82,"column":20},"end":{"line":82,"column":41}}]},"2":{"type":"branch","line":84,"loc":{"start":{"line":84,"column":9},"end":{"line":85,"column":41}},"locations":[{"start":{"line":84,"column":9},"end":{"line":85,"column":41}}]},"3":{"type":"branch","line":99,"loc":{"start":{"line":99,"column":23},"end":{"line":99,"column":37}},"locations":[{"start":{"line":99,"column":23},"end":{"line":99,"column":37}}]},"4":{"type":"branch","line":103,"loc":{"start":{"line":103,"column":29},"end":{"line":103,"column":43}},"locations":[{"start":{"line":103,"column":29},"end":{"line":103,"column":43}}]},"5":{"type":"branch","line":109,"loc":{"start":{"line":109,"column":21},"end":{"line":109,"column":35}},"locations":[{"start":{"line":109,"column":21},"end":{"line":109,"column":35}}]},"6":{"type":"branch","line":59,"loc":{"start":{"line":59,"column":12},"end":{"line":75,"column":5}},"locations":[{"start":{"line":59,"column":12},"end":{"line":75,"column":5}}]},"7":{"type":"branch","line":60,"loc":{"start":{"line":60,"column":20},"end":{"line":67,"column":5}},"locations":[{"start":{"line":60,"column":20},"end":{"line":67,"column":5}}]},"8":{"type":"branch","line":69,"loc":{"start":{"line":69,"column":11},"end":{"line":74,"column":6}},"locations":[{"start":{"line":69,"column":11},"end":{"line":74,"column":6}}]}},"b":{"0":[17],"1":[0],"2":[0],"3":[0],"4":[0],"5":[0],"6":[8],"7":[0],"8":[8]},"fnMap":{"0":{"name":"VolumeControls","decl":{"start":{"line":9,"column":0},"end":{"line":116,"column":1}},"loc":{"start":{"line":9,"column":0},"end":{"line":116,"column":1}},"line":9},"1":{"name":"calculateVolume","decl":{"start":{"line":15,"column":26},"end":{"line":24,"column":4}},"loc":{"start":{"line":15,"column":26},"end":{"line":24,"column":4}},"line":15},"2":{"name":"handleVolumeChange","decl":{"start":{"line":26,"column":29},"end":{"line":30,"column":4}},"loc":{"start":{"line":26,"column":29},"end":{"line":30,"column":4}},"line":26},"3":{"name":"handleMouseDown","decl":{"start":{"line":32,"column":26},"end":{"line":35,"column":4}},"loc":{"start":{"line":32,"column":26},"end":{"line":35,"column":4}},"line":32},"4":{"name":"handleMouseMove","decl":{"start":{"line":37,"column":26},"end":{"line":40,"column":4}},"loc":{"start":{"line":37,"column":26},"end":{"line":40,"column":4}},"line":37},"5":{"name":"handleMouseUp","decl":{"start":{"line":42,"column":24},"end":{"line":44,"column":4}},"loc":{"start":{"line":42,"column":24},"end":{"line":44,"column":4}},"line":42},"6":{"name":"handleTouchMove","decl":{"start":{"line":46,"column":26},"end":{"line":51,"column":4}},"loc":{"start":{"line":46,"column":26},"end":{"line":51,"column":4}},"line":46},"7":{"name":"handleTouchStart","decl":{"start":{"line":53,"column":27},"end":{"line":57,"column":4}},"loc":{"start":{"line":53,"column":27},"end":{"line":57,"column":4}},"line":53},"8":{"name":"onClick","decl":{"start":{"line":80,"column":17},"end":{"line":80,"column":44}},"loc":{"start":{"line":80,"column":17},"end":{"line":80,"column":44}},"line":80}},"f":{"0":17,"1":0,"2":0,"3":0,"4":0,"5":0,"6":0,"7":0,"8":0}}
}
